<?xml version="1.0" encoding="UTF-8"?>
<!-- Generated by org.testng.reporters.JUnitXMLReporter -->
<testsuite ignored="0" hostname="DESKTOP-EJSCT7I" failures="0" tests="10" name="Surefire test" time="24.342" errors="0" timestamp="2026-03-01T10:50:32 IST">
  <testcase classname="api.test.DDTests" name="testPostUser" time="6.112"/>
  <testcase classname="api.test.DDTests" name="testPostUser" time="1.336"/>
  <testcase classname="api.test.DDTests" name="testPostUser" time="1.352"/>
  <testcase classname="api.test.DDTests" name="testDeleteUserByName" time="1.398"/>
  <testcase classname="api.test.DDTests" name="testDeleteUserByName" time="1.289"/>
  <testcase classname="api.test.DDTests" name="testDeleteUserByName" time="1.299"/>
  <testcase classname="api.test.UserTests" name="testPostUser" time="1.479"/>
  <testcase classname="api.test.UserTests" name="testGetUserByName" time="1.345"/>
  <testcase classname="api.test.UserTests" name="testUpdateUserByName" time="2.734"/>
  <testcase classname="api.test.UserTests" name="testDeleteUserByName" time="1.311"/>
</testsuite> <!-- Surefire test -->
