<?xml version="1.0" encoding="UTF-8"?>
<!-- Generated by org.testng.reporters.JUnitXMLReporter -->
<testsuite ignored="0" hostname="DESKTOP-EJSCT7I" failures="0" tests="6" name="Default test" time="16.444" errors="0" timestamp="2026-02-28T21:17:15 IST">
  <testcase classname="api.test.DDTests" name="testPostUser" time="6.072"/>
  <testcase classname="api.test.DDTests" name="testPostUser" time="1.307"/>
  <testcase classname="api.test.DDTests" name="testPostUser" time="1.319"/>
  <testcase classname="api.test.DDTests" name="testDeleteUserByName" time="1.44"/>
  <testcase classname="api.test.DDTests" name="testDeleteUserByName" time="1.399"/>
  <testcase classname="api.test.DDTests" name="testDeleteUserByName" time="1.32"/>
</testsuite> <!-- Default test -->
