<?xml version="1.0" encoding="UTF-8"?>
<testng-results ignored="0" total="4" passed="4" failed="0" skipped="0">
  <reporter-output>
  </reporter-output>
  <suite started-at="2026-03-01T10:46:08 IST" name="PetSuite" finished-at="2026-03-01T10:46:21 IST" duration-ms="13480">
    <groups>
    </groups>
    <test started-at="2026-03-01T10:46:08 IST" name="PetTests" finished-at="2026-03-01T10:46:21 IST" duration-ms="13480">
      <class name="api.test.UserTests2">
        <test-method is-config="true" signature="setupData()[pri:0, instance:api.test.UserTests2@323b36e0]" started-at="2026-03-01T10:46:08 IST" name="setupData" finished-at="2026-03-01T10:46:10 IST" duration-ms="1423" status="PASS">
          <reporter-output>
          </reporter-output>
        </test-method> <!-- setupData -->
        <test-method signature="testPostUser()[pri:1, instance:api.test.UserTests2@323b36e0]" started-at="2026-03-01T10:46:10 IST" name="testPostUser" finished-at="2026-03-01T10:46:16 IST" duration-ms="5819" status="PASS">
          <reporter-output>
          </reporter-output>
        </test-method> <!-- testPostUser -->
        <test-method signature="testGetUserByName()[pri:2, instance:api.test.UserTests2@323b36e0]" started-at="2026-03-01T10:46:16 IST" name="testGetUserByName" finished-at="2026-03-01T10:46:17 IST" duration-ms="1452" status="PASS">
          <reporter-output>
          </reporter-output>
        </test-method> <!-- testGetUserByName -->
        <test-method signature="testUpdateUserByName()[pri:3, instance:api.test.UserTests2@323b36e0]" started-at="2026-03-01T10:46:17 IST" name="testUpdateUserByName" finished-at="2026-03-01T10:46:20 IST" duration-ms="2780" status="PASS">
          <reporter-output>
          </reporter-output>
        </test-method> <!-- testUpdateUserByName -->
        <test-method signature="testDeleteUserByName()[pri:4, instance:api.test.UserTests2@323b36e0]" started-at="2026-03-01T10:46:20 IST" name="testDeleteUserByName" finished-at="2026-03-01T10:46:21 IST" duration-ms="1322" status="PASS">
          <reporter-output>
          </reporter-output>
        </test-method> <!-- testDeleteUserByName -->
      </class> <!-- api.test.UserTests2 -->
    </test> <!-- PetTests -->
  </suite> <!-- PetSuite -->
</testng-results>
