<?xml version="1.0" encoding="UTF-8"?>
<!-- Generated by org.testng.reporters.JUnitReportReporter -->
<testsuite hostname="DESKTOP-EJSCT7I" failures="0" tests="4" name="api.test.UserTests" time="13.114" errors="0" timestamp="2026-02-28T23:10:28 IST" skipped="0">
  <testcase classname="api.test.UserTests" name="testPostUser" time="6.562"/>
  <testcase classname="api.test.UserTests" name="testGetUserByName" time="1.741"/>
  <testcase classname="api.test.UserTests" name="testUpdateUserByName" time="3.182"/>
  <testcase classname="api.test.UserTests" name="testDeleteUserByName" time="1.629"/>
</testsuite> <!-- api.test.UserTests -->
