<?xml version="1.0" encoding="UTF-8"?>
<!-- Generated by org.testng.reporters.JUnitReportReporter -->
<testsuite hostname="DESKTOP-EJSCT7I" failures="0" tests="4" name="api.test.UserTests2" time="11.373" errors="0" timestamp="2026-03-01T10:46:22 IST" skipped="0">
  <testcase classname="api.test.UserTests2" name="testPostUser" time="5.819"/>
  <testcase classname="api.test.UserTests2" name="testGetUserByName" time="1.452"/>
  <testcase classname="api.test.UserTests2" name="testUpdateUserByName" time="2.780"/>
  <testcase classname="api.test.UserTests2" name="testDeleteUserByName" time="1.322"/>
</testsuite> <!-- api.test.UserTests2 -->
