<?xml version="1.0" encoding="UTF-8"?>
<!-- Generated by org.testng.reporters.JUnitReportReporter -->
<testsuite hostname="DESKTOP-EJSCT7I" failures="0" tests="6" name="api.test.DDTests" time="12.857" errors="0" timestamp="2026-02-28T21:17:15 IST" skipped="0">
  <testcase classname="api.test.DDTests" name="testPostUser" time="1.307"/>
  <testcase classname="api.test.DDTests" name="testPostUser" time="1.319"/>
  <testcase classname="api.test.DDTests" name="testPostUser" time="6.072"/>
  <testcase classname="api.test.DDTests" name="testDeleteUserByName" time="1.399"/>
  <testcase classname="api.test.DDTests" name="testDeleteUserByName" time="1.320"/>
  <testcase classname="api.test.DDTests" name="testDeleteUserByName" time="1.440"/>
</testsuite> <!-- api.test.DDTests -->
