<?xml version="1.0" encoding="UTF-8"?>
<!-- Generated by org.testng.reporters.JUnitReportReporter -->
<testsuite hostname="DESKTOP-EJSCT7I" failures="0" tests="4" name="api.test.UserTests" time="6.869" errors="0" timestamp="2026-03-01T10:50:32 IST" skipped="0">
  <testcase classname="api.test.UserTests" name="testPostUser" time="1.479"/>
  <testcase classname="api.test.UserTests" name="testGetUserByName" time="1.345"/>
  <testcase classname="api.test.UserTests" name="testUpdateUserByName" time="2.734"/>
  <testcase classname="api.test.UserTests" name="testDeleteUserByName" time="1.311"/>
</testsuite> <!-- api.test.UserTests -->
