<?xml version="1.0" encoding="UTF-8"?>
<!-- Generated by org.testng.reporters.JUnitReportReporter -->
<testsuite hostname="DESKTOP-EJSCT7I" failures="0" tests="4" name="api.test.UserTests2" time="11.630" errors="0" timestamp="2026-03-01T11:21:17 IST" skipped="0">
  <testcase classname="api.test.UserTests2" name="testPostUser" time="6.110"/>
  <testcase classname="api.test.UserTests2" name="testGetUserByName" time="1.497"/>
  <testcase classname="api.test.UserTests2" name="testUpdateUserByName" time="2.699"/>
  <testcase classname="api.test.UserTests2" name="testDeleteUserByName" time="1.324"/>
</testsuite> <!-- api.test.UserTests2 -->
