<?xml version="1.0" encoding="UTF-8"?>
<!-- Generated by org.testng.reporters.JUnitReportReporter -->
<testsuite hostname="DESKTOP-EJSCT7I" failures="0" tests="6" name="api.test.DDTests" time="12.786" errors="0" timestamp="2026-03-01T10:50:32 IST" skipped="0">
  <testcase classname="api.test.DDTests" name="testPostUser" time="1.336"/>
  <testcase classname="api.test.DDTests" name="testPostUser" time="6.112"/>
  <testcase classname="api.test.DDTests" name="testPostUser" time="1.352"/>
  <testcase classname="api.test.DDTests" name="testDeleteUserByName" time="1.398"/>
  <testcase classname="api.test.DDTests" name="testDeleteUserByName" time="1.299"/>
  <testcase classname="api.test.DDTests" name="testDeleteUserByName" time="1.289"/>
</testsuite> <!-- api.test.DDTests -->
