<?xml version="1.0" encoding="UTF-8"?>
<!-- Generated by org.testng.reporters.JUnitXMLReporter -->
<testsuite ignored="0" hostname="DESKTOP-EJSCT7I" failures="0" tests="4" name="PetTests" time="13.48" errors="0" timestamp="2026-03-01T10:46:22 IST">
  <testcase classname="api.test.UserTests2" name="testPostUser" time="5.819"/>
  <testcase classname="api.test.UserTests2" name="testGetUserByName" time="1.452"/>
  <testcase classname="api.test.UserTests2" name="testUpdateUserByName" time="2.78"/>
  <testcase classname="api.test.UserTests2" name="testDeleteUserByName" time="1.322"/>
</testsuite> <!-- PetTests -->
